build/app/intermediates/manifest_merge_blame_file/release/manifest-merger-blame-release-report.txt
1<?xml version="1.0" encoding="utf-8"?>
2<manifest xmlns:android="http://schemas.android.com/apk/res/android"
3    package="kaleo.chat.app"
4    android:versionCode="1"
5    android:versionName="1.0.0" >
6
7    <uses-sdk
8        android:minSdkVersion="21"
8-->src\main\AndroidManifest.xml
9        android:targetSdkVersion="33" />
9-->src\main\AndroidManifest.xml
10
11    <uses-permission android:name="android.permission.INTERNET" />
11-->src\main\AndroidManifest.xml:4:5-66
11-->src\main\AndroidManifest.xml:4:22-64
12    <uses-permission android:name="android.permission.CAMERA" />
12-->src\main\AndroidManifest.xml:5:5-64
12-->src\main\AndroidManifest.xml:5:22-62
13    <uses-permission
13-->src\main\AndroidManifest.xml:6:5-80
14        android:name="android.permission.READ_EXTERNAL_STORAGE"
14-->src\main\AndroidManifest.xml:6:22-77
15        android:maxSdkVersion="32" />
15-->[:file_picker] AndroidManifest.xml:11:9-35
16    <uses-permission android:name="android.permission.WRITE_EXTERNAL_STORAGE" />
16-->src\main\AndroidManifest.xml:7:5-81
16-->src\main\AndroidManifest.xml:7:22-78
17
18    <queries>
18-->[:file_picker] AndroidManifest.xml:13:5-19:15
19        <intent>
19-->[:file_picker] AndroidManifest.xml:14:9-18:18
20            <action android:name="android.intent.action.GET_CONTENT" />
20-->[:file_picker] AndroidManifest.xml:15:13-72
20-->[:file_picker] AndroidManifest.xml:15:21-69
21
22            <data android:mimeType="*/*" />
22-->src\main\AndroidManifest.xml:50:17-75
23        </intent>
24    </queries>
25
26    <uses-permission android:name="android.permission.ACCESS_NETWORK_STATE" />
26-->[com.google.firebase:firebase-auth:22.3.0] AndroidManifest.xml:26:5-79
26-->[com.google.firebase:firebase-auth:22.3.0] AndroidManifest.xml:26:22-76
27
28    <permission
28-->[androidx.core:core:1.10.1] AndroidManifest.xml:22:5-24:47
29        android:name="kaleo.chat.app.DYNAMIC_RECEIVER_NOT_EXPORTED_PERMISSION"
29-->[androidx.core:core:1.10.1] AndroidManifest.xml:23:9-81
30        android:protectionLevel="signature" />
30-->[androidx.core:core:1.10.1] AndroidManifest.xml:24:9-44
31
32    <uses-permission android:name="kaleo.chat.app.DYNAMIC_RECEIVER_NOT_EXPORTED_PERMISSION" />
32-->[androidx.core:core:1.10.1] AndroidManifest.xml:26:5-97
32-->[androidx.core:core:1.10.1] AndroidManifest.xml:26:22-94
33
34    <application
34-->src\main\AndroidManifest.xml:9:5-63:19
35        android:appComponentFactory="androidx.core.app.CoreComponentFactory"
35-->[androidx.core:core:1.10.1] AndroidManifest.xml:28:18-86
36        android:icon="@mipmap/ic_launcher"
36-->src\main\AndroidManifest.xml:12:9-43
37        android:label="Wassup"
37-->src\main\AndroidManifest.xml:10:9-31
38        android:requestLegacyExternalStorage="true" >
38-->src\main\AndroidManifest.xml:13:9-52
39        <activity
39-->src\main\AndroidManifest.xml:15:9-53:20
40            android:name="kaleo.chat.app.MainActivity"
40-->src\main\AndroidManifest.xml:16:13-41
41            android:configChanges="orientation|keyboardHidden|keyboard|screenSize|smallestScreenSize|locale|layoutDirection|fontScale|screenLayout|density|uiMode"
41-->src\main\AndroidManifest.xml:20:13-163
42            android:exported="true"
42-->src\main\AndroidManifest.xml:17:13-36
43            android:hardwareAccelerated="true"
43-->src\main\AndroidManifest.xml:21:13-47
44            android:launchMode="singleTop"
44-->src\main\AndroidManifest.xml:18:13-43
45            android:theme="@style/LaunchTheme"
45-->src\main\AndroidManifest.xml:19:13-47
46            android:windowSoftInputMode="adjustResize" >
46-->src\main\AndroidManifest.xml:22:13-55
47
48            <!--
49                 Specifies an Android theme to apply to this Activity as soon as
50                 the Android process has started. This theme is visible to the user
51                 while the Flutter UI initializes. After that, this theme continues
52                 to determine the Window background behind the Flutter UI.
53            -->
54            <meta-data
54-->src\main\AndroidManifest.xml:27:13-30:17
55                android:name="io.flutter.embedding.android.NormalTheme"
55-->src\main\AndroidManifest.xml:28:15-70
56                android:resource="@style/NormalTheme" />
56-->src\main\AndroidManifest.xml:29:15-52
57            <!--
58                 Displays an Android View that continues showing the launch screen
59                 Drawable until Flutter paints its first frame, then this splash
60                 screen fades out. A splash screen is useful to avoid any visual
61                 gap between the end of Android's launch screen and the painting of
62                 Flutter's first frame.
63            -->
64            <meta-data
64-->src\main\AndroidManifest.xml:36:13-39:17
65                android:name="io.flutter.embedding.android.SplashScreenDrawable"
65-->src\main\AndroidManifest.xml:37:15-79
66                android:resource="@drawable/launch_background" />
66-->src\main\AndroidManifest.xml:38:15-61
67
68            <intent-filter>
68-->src\main\AndroidManifest.xml:40:13-43:29
69                <action android:name="android.intent.action.MAIN" />
69-->src\main\AndroidManifest.xml:41:17-68
69-->src\main\AndroidManifest.xml:41:25-66
70
71                <category android:name="android.intent.category.LAUNCHER" />
71-->src\main\AndroidManifest.xml:42:17-76
71-->src\main\AndroidManifest.xml:42:27-74
72            </intent-filter>
73            <!-- Deep linking -->
74            <meta-data
74-->src\main\AndroidManifest.xml:45:13-90
75                android:name="flutter_deeplinking_enabled"
75-->src\main\AndroidManifest.xml:45:24-66
76                android:value="true" />
76-->src\main\AndroidManifest.xml:45:67-87
77
78            <intent-filter android:autoVerify="true" >
78-->src\main\AndroidManifest.xml:46:13-51:29
78-->src\main\AndroidManifest.xml:46:28-53
79                <action android:name="android.intent.action.VIEW" />
79-->src\main\AndroidManifest.xml:47:17-69
79-->src\main\AndroidManifest.xml:47:25-66
80
81                <category android:name="android.intent.category.DEFAULT" />
81-->src\main\AndroidManifest.xml:48:17-76
81-->src\main\AndroidManifest.xml:48:27-73
82                <category android:name="android.intent.category.BROWSABLE" />
82-->src\main\AndroidManifest.xml:49:17-78
82-->src\main\AndroidManifest.xml:49:27-75
83
84                <data
84-->src\main\AndroidManifest.xml:50:17-75
85                    android:host="wassup.com"
85-->src\main\AndroidManifest.xml:50:47-72
86                    android:scheme="wassup" />
86-->src\main\AndroidManifest.xml:50:23-46
87            </intent-filter>
88        </activity>
89
90        <!--
91             Don't delete the meta-data below.
92             This is used by the Flutter tool to generate GeneratedPluginRegistrant.java
93        -->
94        <meta-data
94-->src\main\AndroidManifest.xml:57:9-59:33
95            android:name="flutterEmbedding"
95-->src\main\AndroidManifest.xml:58:13-44
96            android:value="2" />
96-->src\main\AndroidManifest.xml:59:13-30
97
98        <service
98-->[:firebase_performance] AndroidManifest.xml:12:9-16:19
99            android:name="com.google.firebase.components.ComponentDiscoveryService"
99-->[:firebase_performance] AndroidManifest.xml:12:18-89
100            android:directBootAware="true"
100-->[com.google.firebase:firebase-common:20.4.2] AndroidManifest.xml:32:13-43
101            android:exported="false" >
101-->[com.google.firebase:firebase-perf:20.5.1] AndroidManifest.xml:13:13-37
102            <meta-data
102-->[:firebase_performance] AndroidManifest.xml:13:13-15:85
103                android:name="com.google.firebase.components:io.flutter.plugins.firebase.performance.FlutterFirebaseAppRegistrar"
103-->[:firebase_performance] AndroidManifest.xml:14:17-130
104                android:value="com.google.firebase.components.ComponentRegistrar" />
104-->[:firebase_performance] AndroidManifest.xml:15:17-82
105            <meta-data
105-->[:cloud_firestore] AndroidManifest.xml:11:13-13:85
106                android:name="com.google.firebase.components:io.flutter.plugins.firebase.firestore.FlutterFirebaseFirestoreRegistrar"
106-->[:cloud_firestore] AndroidManifest.xml:12:17-134
107                android:value="com.google.firebase.components.ComponentRegistrar" />
107-->[:cloud_firestore] AndroidManifest.xml:13:17-82
108            <meta-data
108-->[:firebase_auth] AndroidManifest.xml:11:13-13:85
109                android:name="com.google.firebase.components:io.flutter.plugins.firebase.auth.FlutterFirebaseAuthRegistrar"
109-->[:firebase_auth] AndroidManifest.xml:12:17-124
110                android:value="com.google.firebase.components.ComponentRegistrar" />
110-->[:firebase_auth] AndroidManifest.xml:13:17-82
111            <meta-data
111-->[:firebase_storage] AndroidManifest.xml:11:13-13:85
112                android:name="com.google.firebase.components:io.flutter.plugins.firebase.storage.FlutterFirebaseAppRegistrar"
112-->[:firebase_storage] AndroidManifest.xml:12:17-126
113                android:value="com.google.firebase.components.ComponentRegistrar" />
113-->[:firebase_storage] AndroidManifest.xml:13:17-82
114            <meta-data
114-->[:firebase_core] AndroidManifest.xml:11:13-13:85
115                android:name="com.google.firebase.components:io.flutter.plugins.firebase.core.FlutterFirebaseCoreRegistrar"
115-->[:firebase_core] AndroidManifest.xml:12:17-124
116                android:value="com.google.firebase.components.ComponentRegistrar" />
116-->[:firebase_core] AndroidManifest.xml:13:17-82
117            <meta-data
117-->[com.google.firebase:firebase-perf:20.5.1] AndroidManifest.xml:14:13-16:85
118                android:name="com.google.firebase.components:com.google.firebase.perf.FirebasePerfKtxRegistrar"
118-->[com.google.firebase:firebase-perf:20.5.1] AndroidManifest.xml:15:17-112
119                android:value="com.google.firebase.components.ComponentRegistrar" />
119-->[com.google.firebase:firebase-perf:20.5.1] AndroidManifest.xml:16:17-82
120            <meta-data
120-->[com.google.firebase:firebase-perf:20.5.1] AndroidManifest.xml:17:13-19:85
121                android:name="com.google.firebase.components:com.google.firebase.perf.FirebasePerfRegistrar"
121-->[com.google.firebase:firebase-perf:20.5.1] AndroidManifest.xml:18:17-109
122                android:value="com.google.firebase.components.ComponentRegistrar" />
122-->[com.google.firebase:firebase-perf:20.5.1] AndroidManifest.xml:19:17-82
123            <meta-data
123-->[com.google.firebase:firebase-sessions:1.2.0] AndroidManifest.xml:29:13-31:85
124                android:name="com.google.firebase.components:com.google.firebase.sessions.FirebaseSessionsRegistrar"
124-->[com.google.firebase:firebase-sessions:1.2.0] AndroidManifest.xml:30:17-117
125                android:value="com.google.firebase.components.ComponentRegistrar" />
125-->[com.google.firebase:firebase-sessions:1.2.0] AndroidManifest.xml:31:17-82
126            <meta-data
126-->[com.google.firebase:firebase-auth:22.3.0] AndroidManifest.xml:69:13-71:85
127                android:name="com.google.firebase.components:com.google.firebase.auth.FirebaseAuthRegistrar"
127-->[com.google.firebase:firebase-auth:22.3.0] AndroidManifest.xml:70:17-109
128                android:value="com.google.firebase.components.ComponentRegistrar" />
128-->[com.google.firebase:firebase-auth:22.3.0] AndroidManifest.xml:71:17-82
129            <meta-data
129-->[com.google.firebase:firebase-firestore:24.9.1] AndroidManifest.xml:17:13-19:85
130                android:name="com.google.firebase.components:com.google.firebase.firestore.FirebaseFirestoreKtxRegistrar"
130-->[com.google.firebase:firebase-firestore:24.9.1] AndroidManifest.xml:18:17-122
131                android:value="com.google.firebase.components.ComponentRegistrar" />
131-->[com.google.firebase:firebase-firestore:24.9.1] AndroidManifest.xml:19:17-82
132            <meta-data
132-->[com.google.firebase:firebase-firestore:24.9.1] AndroidManifest.xml:20:13-22:85
133                android:name="com.google.firebase.components:com.google.firebase.firestore.FirestoreRegistrar"
133-->[com.google.firebase:firebase-firestore:24.9.1] AndroidManifest.xml:21:17-111
134                android:value="com.google.firebase.components.ComponentRegistrar" />
134-->[com.google.firebase:firebase-firestore:24.9.1] AndroidManifest.xml:22:17-82
135            <meta-data
135-->[com.google.firebase:firebase-storage:20.3.0] AndroidManifest.xml:30:13-32:85
136                android:name="com.google.firebase.components:com.google.firebase.storage.FirebaseStorageKtxRegistrar"
136-->[com.google.firebase:firebase-storage:20.3.0] AndroidManifest.xml:31:17-118
137                android:value="com.google.firebase.components.ComponentRegistrar" />
137-->[com.google.firebase:firebase-storage:20.3.0] AndroidManifest.xml:32:17-82
138            <meta-data
138-->[com.google.firebase:firebase-storage:20.3.0] AndroidManifest.xml:33:13-35:85
139                android:name="com.google.firebase.components:com.google.firebase.storage.StorageRegistrar"
139-->[com.google.firebase:firebase-storage:20.3.0] AndroidManifest.xml:34:17-107
140                android:value="com.google.firebase.components.ComponentRegistrar" />
140-->[com.google.firebase:firebase-storage:20.3.0] AndroidManifest.xml:35:17-82
141            <meta-data
141-->[com.google.firebase:firebase-config:21.6.0] AndroidManifest.xml:29:13-31:85
142                android:name="com.google.firebase.components:com.google.firebase.remoteconfig.FirebaseRemoteConfigKtxRegistrar"
142-->[com.google.firebase:firebase-config:21.6.0] AndroidManifest.xml:30:17-128
143                android:value="com.google.firebase.components.ComponentRegistrar" />
143-->[com.google.firebase:firebase-config:21.6.0] AndroidManifest.xml:31:17-82
144            <meta-data
144-->[com.google.firebase:firebase-config:21.6.0] AndroidManifest.xml:32:13-34:85
145                android:name="com.google.firebase.components:com.google.firebase.remoteconfig.RemoteConfigRegistrar"
145-->[com.google.firebase:firebase-config:21.6.0] AndroidManifest.xml:33:17-117
146                android:value="com.google.firebase.components.ComponentRegistrar" />
146-->[com.google.firebase:firebase-config:21.6.0] AndroidManifest.xml:34:17-82
147            <meta-data
147-->[com.google.firebase:firebase-installations:17.2.0] AndroidManifest.xml:15:13-17:85
148                android:name="com.google.firebase.components:com.google.firebase.installations.FirebaseInstallationsKtxRegistrar"
148-->[com.google.firebase:firebase-installations:17.2.0] AndroidManifest.xml:16:17-130
149                android:value="com.google.firebase.components.ComponentRegistrar" />
149-->[com.google.firebase:firebase-installations:17.2.0] AndroidManifest.xml:17:17-82
150            <meta-data
150-->[com.google.firebase:firebase-installations:17.2.0] AndroidManifest.xml:18:13-20:85
151                android:name="com.google.firebase.components:com.google.firebase.installations.FirebaseInstallationsRegistrar"
151-->[com.google.firebase:firebase-installations:17.2.0] AndroidManifest.xml:19:17-127
152                android:value="com.google.firebase.components.ComponentRegistrar" />
152-->[com.google.firebase:firebase-installations:17.2.0] AndroidManifest.xml:20:17-82
153            <meta-data
153-->[com.google.firebase:firebase-appcheck:17.1.1] AndroidManifest.xml:25:13-27:85
154                android:name="com.google.firebase.components:com.google.firebase.appcheck.FirebaseAppCheckKtxRegistrar"
154-->[com.google.firebase:firebase-appcheck:17.1.1] AndroidManifest.xml:26:17-120
155                android:value="com.google.firebase.components.ComponentRegistrar" />
155-->[com.google.firebase:firebase-appcheck:17.1.1] AndroidManifest.xml:27:17-82
156            <meta-data
156-->[com.google.firebase:firebase-appcheck:17.1.1] AndroidManifest.xml:28:13-30:85
157                android:name="com.google.firebase.components:com.google.firebase.appcheck.FirebaseAppCheckRegistrar"
157-->[com.google.firebase:firebase-appcheck:17.1.1] AndroidManifest.xml:29:17-117
158                android:value="com.google.firebase.components.ComponentRegistrar" />
158-->[com.google.firebase:firebase-appcheck:17.1.1] AndroidManifest.xml:30:17-82
159            <meta-data
159-->[com.google.firebase:firebase-common-ktx:20.4.2] AndroidManifest.xml:12:13-14:85
160                android:name="com.google.firebase.components:com.google.firebase.ktx.FirebaseCommonLegacyRegistrar"
160-->[com.google.firebase:firebase-common-ktx:20.4.2] AndroidManifest.xml:13:17-116
161                android:value="com.google.firebase.components.ComponentRegistrar" />
161-->[com.google.firebase:firebase-common-ktx:20.4.2] AndroidManifest.xml:14:17-82
162            <meta-data
162-->[com.google.firebase:firebase-common:20.4.2] AndroidManifest.xml:35:13-37:85
163                android:name="com.google.firebase.components:com.google.firebase.FirebaseCommonKtxRegistrar"
163-->[com.google.firebase:firebase-common:20.4.2] AndroidManifest.xml:36:17-109
164                android:value="com.google.firebase.components.ComponentRegistrar" />
164-->[com.google.firebase:firebase-common:20.4.2] AndroidManifest.xml:37:17-82
165            <meta-data
165-->[com.google.firebase:firebase-abt:21.1.1] AndroidManifest.xml:12:13-14:85
166                android:name="com.google.firebase.components:com.google.firebase.abt.component.AbtRegistrar"
166-->[com.google.firebase:firebase-abt:21.1.1] AndroidManifest.xml:13:17-109
167                android:value="com.google.firebase.components.ComponentRegistrar" />
167-->[com.google.firebase:firebase-abt:21.1.1] AndroidManifest.xml:14:17-82
168            <meta-data
168-->[com.google.firebase:firebase-datatransport:18.1.8] AndroidManifest.xml:27:13-29:85
169                android:name="com.google.firebase.components:com.google.firebase.datatransport.TransportRegistrar"
169-->[com.google.firebase:firebase-datatransport:18.1.8] AndroidManifest.xml:28:17-115
170                android:value="com.google.firebase.components.ComponentRegistrar" />
170-->[com.google.firebase:firebase-datatransport:18.1.8] AndroidManifest.xml:29:17-82
171        </service>
172
173        <provider
173-->[:image_picker_android] AndroidManifest.xml:10:9-18:20
174            android:name="io.flutter.plugins.imagepicker.ImagePickerFileProvider"
174-->[:image_picker_android] AndroidManifest.xml:11:13-82
175            android:authorities="kaleo.chat.app.flutter.image_provider"
175-->[:image_picker_android] AndroidManifest.xml:12:13-74
176            android:exported="false"
176-->[:image_picker_android] AndroidManifest.xml:13:13-37
177            android:grantUriPermissions="true" >
177-->[:image_picker_android] AndroidManifest.xml:14:13-47
178            <meta-data
178-->[:image_picker_android] AndroidManifest.xml:15:13-17:75
179                android:name="android.support.FILE_PROVIDER_PATHS"
179-->[:image_picker_android] AndroidManifest.xml:16:17-67
180                android:resource="@xml/flutter_image_picker_file_paths" />
180-->[:image_picker_android] AndroidManifest.xml:17:17-72
181        </provider>
182
183        <activity
183-->[:url_launcher_android] AndroidManifest.xml:10:9-13:74
184            android:name="io.flutter.plugins.urllauncher.WebViewActivity"
184-->[:url_launcher_android] AndroidManifest.xml:11:13-74
185            android:exported="false"
185-->[:url_launcher_android] AndroidManifest.xml:12:13-37
186            android:theme="@android:style/Theme.NoTitleBar.Fullscreen" />
186-->[:url_launcher_android] AndroidManifest.xml:13:13-71
187
188        <service
188-->[com.google.firebase:firebase-sessions:1.2.0] AndroidManifest.xml:22:9-25:40
189            android:name="com.google.firebase.sessions.SessionLifecycleService"
189-->[com.google.firebase:firebase-sessions:1.2.0] AndroidManifest.xml:23:13-80
190            android:enabled="true"
190-->[com.google.firebase:firebase-sessions:1.2.0] AndroidManifest.xml:24:13-35
191            android:exported="false" />
191-->[com.google.firebase:firebase-sessions:1.2.0] AndroidManifest.xml:25:13-37
192
193        <activity
193-->[com.google.firebase:firebase-auth:22.3.0] AndroidManifest.xml:29:9-46:20
194            android:name="com.google.firebase.auth.internal.GenericIdpActivity"
194-->[com.google.firebase:firebase-auth:22.3.0] AndroidManifest.xml:30:13-80
195            android:excludeFromRecents="true"
195-->[com.google.firebase:firebase-auth:22.3.0] AndroidManifest.xml:31:13-46
196            android:exported="true"
196-->[com.google.firebase:firebase-auth:22.3.0] AndroidManifest.xml:32:13-36
197            android:launchMode="singleTask"
197-->[com.google.firebase:firebase-auth:22.3.0] AndroidManifest.xml:33:13-44
198            android:theme="@android:style/Theme.Translucent.NoTitleBar" >
198-->[com.google.firebase:firebase-auth:22.3.0] AndroidManifest.xml:34:13-72
199            <intent-filter>
199-->[com.google.firebase:firebase-auth:22.3.0] AndroidManifest.xml:35:13-45:29
200                <action android:name="android.intent.action.VIEW" />
200-->src\main\AndroidManifest.xml:47:17-69
200-->src\main\AndroidManifest.xml:47:25-66
201
202                <category android:name="android.intent.category.DEFAULT" />
202-->src\main\AndroidManifest.xml:48:17-76
202-->src\main\AndroidManifest.xml:48:27-73
203                <category android:name="android.intent.category.BROWSABLE" />
203-->src\main\AndroidManifest.xml:49:17-78
203-->src\main\AndroidManifest.xml:49:27-75
204
205                <data
205-->src\main\AndroidManifest.xml:50:17-75
206                    android:host="firebase.auth"
206-->src\main\AndroidManifest.xml:50:47-72
207                    android:path="/"
208                    android:scheme="genericidp" />
208-->src\main\AndroidManifest.xml:50:23-46
209            </intent-filter>
210        </activity>
211        <activity
211-->[com.google.firebase:firebase-auth:22.3.0] AndroidManifest.xml:47:9-64:20
212            android:name="com.google.firebase.auth.internal.RecaptchaActivity"
212-->[com.google.firebase:firebase-auth:22.3.0] AndroidManifest.xml:48:13-79
213            android:excludeFromRecents="true"
213-->[com.google.firebase:firebase-auth:22.3.0] AndroidManifest.xml:49:13-46
214            android:exported="true"
214-->[com.google.firebase:firebase-auth:22.3.0] AndroidManifest.xml:50:13-36
215            android:launchMode="singleTask"
215-->[com.google.firebase:firebase-auth:22.3.0] AndroidManifest.xml:51:13-44
216            android:theme="@android:style/Theme.Translucent.NoTitleBar" >
216-->[com.google.firebase:firebase-auth:22.3.0] AndroidManifest.xml:52:13-72
217            <intent-filter>
217-->[com.google.firebase:firebase-auth:22.3.0] AndroidManifest.xml:53:13-63:29
218                <action android:name="android.intent.action.VIEW" />
218-->src\main\AndroidManifest.xml:47:17-69
218-->src\main\AndroidManifest.xml:47:25-66
219
220                <category android:name="android.intent.category.DEFAULT" />
220-->src\main\AndroidManifest.xml:48:17-76
220-->src\main\AndroidManifest.xml:48:27-73
221                <category android:name="android.intent.category.BROWSABLE" />
221-->src\main\AndroidManifest.xml:49:17-78
221-->src\main\AndroidManifest.xml:49:27-75
222
223                <data
223-->src\main\AndroidManifest.xml:50:17-75
224                    android:host="firebase.auth"
224-->src\main\AndroidManifest.xml:50:47-72
225                    android:path="/"
226                    android:scheme="recaptcha" />
226-->src\main\AndroidManifest.xml:50:23-46
227            </intent-filter>
228        </activity>
229
230        <provider
230-->[com.google.firebase:firebase-common:20.4.2] AndroidManifest.xml:23:9-28:39
231            android:name="com.google.firebase.provider.FirebaseInitProvider"
231-->[com.google.firebase:firebase-common:20.4.2] AndroidManifest.xml:24:13-77
232            android:authorities="kaleo.chat.app.firebaseinitprovider"
232-->[com.google.firebase:firebase-common:20.4.2] AndroidManifest.xml:25:13-72
233            android:directBootAware="true"
233-->[com.google.firebase:firebase-common:20.4.2] AndroidManifest.xml:26:13-43
234            android:exported="false"
234-->[com.google.firebase:firebase-common:20.4.2] AndroidManifest.xml:27:13-37
235            android:initOrder="100" />
235-->[com.google.firebase:firebase-common:20.4.2] AndroidManifest.xml:28:13-36
236
237        <activity
237-->[com.google.android.gms:play-services-auth:20.7.0] AndroidManifest.xml:23:9-27:75
238            android:name="com.google.android.gms.auth.api.signin.internal.SignInHubActivity"
238-->[com.google.android.gms:play-services-auth:20.7.0] AndroidManifest.xml:24:13-93
239            android:excludeFromRecents="true"
239-->[com.google.android.gms:play-services-auth:20.7.0] AndroidManifest.xml:25:13-46
240            android:exported="false"
240-->[com.google.android.gms:play-services-auth:20.7.0] AndroidManifest.xml:26:13-37
241            android:theme="@android:style/Theme.Translucent.NoTitleBar" />
241-->[com.google.android.gms:play-services-auth:20.7.0] AndroidManifest.xml:27:13-72
242        <!--
243            Service handling Google Sign-In user revocation. For apps that do not integrate with
244            Google Sign-In, this service will never be started.
245        -->
246        <service
246-->[com.google.android.gms:play-services-auth:20.7.0] AndroidManifest.xml:33:9-37:51
247            android:name="com.google.android.gms.auth.api.signin.RevocationBoundService"
247-->[com.google.android.gms:play-services-auth:20.7.0] AndroidManifest.xml:34:13-89
248            android:exported="true"
248-->[com.google.android.gms:play-services-auth:20.7.0] AndroidManifest.xml:35:13-36
249            android:permission="com.google.android.gms.auth.api.signin.permission.REVOCATION_NOTIFICATION"
249-->[com.google.android.gms:play-services-auth:20.7.0] AndroidManifest.xml:36:13-107
250            android:visibleToInstantApps="true" />
250-->[com.google.android.gms:play-services-auth:20.7.0] AndroidManifest.xml:37:13-48
251
252        <activity
252-->[com.google.android.gms:play-services-base:18.0.1] AndroidManifest.xml:20:9-22:45
253            android:name="com.google.android.gms.common.api.GoogleApiActivity"
253-->[com.google.android.gms:play-services-base:18.0.1] AndroidManifest.xml:20:19-85
254            android:exported="false"
254-->[com.google.android.gms:play-services-base:18.0.1] AndroidManifest.xml:22:19-43
255            android:theme="@android:style/Theme.Translucent.NoTitleBar" />
255-->[com.google.android.gms:play-services-base:18.0.1] AndroidManifest.xml:21:19-78
256
257        <meta-data
257-->[com.google.android.gms:play-services-basement:18.2.0] AndroidManifest.xml:21:9-23:69
258            android:name="com.google.android.gms.version"
258-->[com.google.android.gms:play-services-basement:18.2.0] AndroidManifest.xml:22:13-58
259            android:value="@integer/google_play_services_version" />
259-->[com.google.android.gms:play-services-basement:18.2.0] AndroidManifest.xml:23:13-66
260
261        <uses-library
261-->[androidx.window:window:1.0.0-beta04] AndroidManifest.xml:25:9-27:40
262            android:name="androidx.window.extensions"
262-->[androidx.window:window:1.0.0-beta04] AndroidManifest.xml:26:13-54
263            android:required="false" />
263-->[androidx.window:window:1.0.0-beta04] AndroidManifest.xml:27:13-37
264        <uses-library
264-->[androidx.window:window:1.0.0-beta04] AndroidManifest.xml:28:9-30:40
265            android:name="androidx.window.sidecar"
265-->[androidx.window:window:1.0.0-beta04] AndroidManifest.xml:29:13-51
266            android:required="false" />
266-->[androidx.window:window:1.0.0-beta04] AndroidManifest.xml:30:13-37
267
268        <provider
268-->[androidx.lifecycle:lifecycle-process:2.6.1] AndroidManifest.xml:24:9-32:20
269            android:name="androidx.startup.InitializationProvider"
269-->[androidx.lifecycle:lifecycle-process:2.6.1] AndroidManifest.xml:25:13-67
270            android:authorities="kaleo.chat.app.androidx-startup"
270-->[androidx.lifecycle:lifecycle-process:2.6.1] AndroidManifest.xml:26:13-68
271            android:exported="false" >
271-->[androidx.lifecycle:lifecycle-process:2.6.1] AndroidManifest.xml:27:13-37
272            <meta-data
272-->[androidx.lifecycle:lifecycle-process:2.6.1] AndroidManifest.xml:29:13-31:52
273                android:name="androidx.lifecycle.ProcessLifecycleInitializer"
273-->[androidx.lifecycle:lifecycle-process:2.6.1] AndroidManifest.xml:30:17-78
274                android:value="androidx.startup" />
274-->[androidx.lifecycle:lifecycle-process:2.6.1] AndroidManifest.xml:31:17-49
275            <meta-data
275-->[androidx.profileinstaller:profileinstaller:1.3.0] AndroidManifest.xml:29:13-31:52
276                android:name="androidx.profileinstaller.ProfileInstallerInitializer"
276-->[androidx.profileinstaller:profileinstaller:1.3.0] AndroidManifest.xml:30:17-85
277                android:value="androidx.startup" />
277-->[androidx.profileinstaller:profileinstaller:1.3.0] AndroidManifest.xml:31:17-49
278        </provider>
279
280        <service
280-->[com.google.android.datatransport:transport-backend-cct:3.1.9] AndroidManifest.xml:28:9-34:19
281            android:name="com.google.android.datatransport.runtime.backends.TransportBackendDiscovery"
281-->[com.google.android.datatransport:transport-backend-cct:3.1.9] AndroidManifest.xml:29:13-103
282            android:exported="false" >
282-->[com.google.android.datatransport:transport-backend-cct:3.1.9] AndroidManifest.xml:30:13-37
283            <meta-data
283-->[com.google.android.datatransport:transport-backend-cct:3.1.9] AndroidManifest.xml:31:13-33:39
284                android:name="backend:com.google.android.datatransport.cct.CctBackendFactory"